[2026-03-10T20:31:01.725+0000] {local_task_job_runner.py:120} INFO - ::group::Pre task execution logs
[2026-03-10T20:31:01.759+0000] {taskinstance.py:2076} INFO - Dependencies all met for dep_context=non-requeueable deps ti=<TaskInstance: insurance_claims_etl_demo.transform manual__2026-03-10T20:25:59.527249+00:00 [queued]>
[2026-03-10T20:31:01.766+0000] {taskinstance.py:2076} INFO - Dependencies all met for dep_context=requeueable deps ti=<TaskInstance: insurance_claims_etl_demo.transform manual__2026-03-10T20:25:59.527249+00:00 [queued]>
[2026-03-10T20:31:01.767+0000] {taskinstance.py:2306} INFO - Starting attempt 2 of 2
[2026-03-10T20:31:01.779+0000] {taskinstance.py:2330} INFO - Executing <Task(_PythonDecoratedOperator): transform> on 2026-03-10 20:25:59.527249+00:00
[2026-03-10T20:31:01.786+0000] {standard_task_runner.py:64} INFO - Started process 442 to run task
[2026-03-10T20:31:01.789+0000] {standard_task_runner.py:90} INFO - Running: ['airflow', 'tasks', 'run', 'insurance_claims_etl_demo', 'transform', 'manual__2026-03-10T20:25:59.527249+00:00', '--job-id', '36', '--raw', '--subdir', 'DAGS_FOLDER/insurance_claims_etl_dag.py', '--cfg-path', '/tmp/tmpw3w2q2in']
[2026-03-10T20:31:01.792+0000] {standard_task_runner.py:91} INFO - Job 36: Subtask transform
[2026-03-10T20:31:01.859+0000] {task_command.py:426} INFO - Running <TaskInstance: insurance_claims_etl_demo.transform manual__2026-03-10T20:25:59.527249+00:00 [running]> on host f29beff0184f
[2026-03-10T20:31:01.960+0000] {taskinstance.py:2648} INFO - Exporting env vars: AIRFLOW_CTX_DAG_OWNER='jingxu' AIRFLOW_CTX_DAG_ID='insurance_claims_etl_demo' AIRFLOW_CTX_TASK_ID='transform' AIRFLOW_CTX_EXECUTION_DATE='2026-03-10T20:25:59.527249+00:00' AIRFLOW_CTX_TRY_NUMBER='2' AIRFLOW_CTX_DAG_RUN_ID='manual__2026-03-10T20:25:59.527249+00:00'
[2026-03-10T20:31:01.962+0000] {taskinstance.py:430} INFO - ::endgroup::
[2026-03-10T20:31:01.965+0000] {taskinstance.py:441} INFO - ::group::Post task execution logs
[2026-03-10T20:31:01.966+0000] {taskinstance.py:2905} ERROR - Task failed with exception
Traceback (most recent call last):
  File "/home/airflow/.local/lib/python3.11/site-packages/airflow/models/taskinstance.py", line 465, in _execute_task
    result = _execute_callable(context=context, **execute_callable_kwargs)
             ^^^^^^^^^^^^^^^^^^^^^^^^^^^^^^^^^^^^^^^^^^^^^^^^^^^^^^^^^^^^^
  File "/home/airflow/.local/lib/python3.11/site-packages/airflow/models/taskinstance.py", line 432, in _execute_callable
    return execute_callable(context=context, **execute_callable_kwargs)
           ^^^^^^^^^^^^^^^^^^^^^^^^^^^^^^^^^^^^^^^^^^^^^^^^^^^^^^^^^^^^
  File "/home/airflow/.local/lib/python3.11/site-packages/airflow/models/baseoperator.py", line 401, in wrapper
    return func(self, *args, **kwargs)
           ^^^^^^^^^^^^^^^^^^^^^^^^^^^
  File "/home/airflow/.local/lib/python3.11/site-packages/airflow/decorators/base.py", line 265, in execute
    return_value = super().execute(context)
                   ^^^^^^^^^^^^^^^^^^^^^^^^
  File "/home/airflow/.local/lib/python3.11/site-packages/airflow/models/baseoperator.py", line 401, in wrapper
    return func(self, *args, **kwargs)
           ^^^^^^^^^^^^^^^^^^^^^^^^^^^
  File "/home/airflow/.local/lib/python3.11/site-packages/airflow/operators/python.py", line 235, in execute
    return_value = self.execute_callable()
                   ^^^^^^^^^^^^^^^^^^^^^^^
  File "/home/airflow/.local/lib/python3.11/site-packages/airflow/operators/python.py", line 252, in execute_callable
    return self.python_callable(*self.op_args, **self.op_kwargs)
           ^^^^^^^^^^^^^^^^^^^^^^^^^^^^^^^^^^^^^^^^^^^^^^^^^^^^^
  File "/opt/airflow/dags/insurance_claims_etl_dag.py", line 47, in transform
    engine = create_engine()
             ^^^^^^^^^^^^^^^
TypeError: create_engine() missing 1 required positional argument: 'url'
[2026-03-10T20:31:01.981+0000] {taskinstance.py:1206} INFO - Marking task as FAILED. dag_id=insurance_claims_etl_demo, task_id=transform, run_id=manual__2026-03-10T20:25:59.527249+00:00, execution_date=20260310T202559, start_date=20260310T203101, end_date=20260310T203101
[2026-03-10T20:31:01.994+0000] {standard_task_runner.py:110} ERROR - Failed to execute job 36 for task transform (create_engine() missing 1 required positional argument: 'url'; 442)
[2026-03-10T20:31:02.043+0000] {local_task_job_runner.py:243} INFO - Task exited with return code 1
[2026-03-10T20:31:02.065+0000] {taskinstance.py:3503} INFO - 0 downstream tasks scheduled from follow-on schedule check
[2026-03-10T20:31:02.068+0000] {local_task_job_runner.py:222} INFO - ::endgroup::
