[2026-03-13T20:50:58.691+0000] {local_task_job_runner.py:120} INFO - ::group::Pre task execution logs
[2026-03-13T20:50:58.724+0000] {taskinstance.py:2076} INFO - Dependencies all met for dep_context=non-requeueable deps ti=<TaskInstance: insurance_claims_etl_demo.extract manual__2026-03-13T20:50:57.409826+00:00 [queued]>
[2026-03-13T20:50:58.731+0000] {taskinstance.py:2076} INFO - Dependencies all met for dep_context=requeueable deps ti=<TaskInstance: insurance_claims_etl_demo.extract manual__2026-03-13T20:50:57.409826+00:00 [queued]>
[2026-03-13T20:50:58.732+0000] {taskinstance.py:2306} INFO - Starting attempt 1 of 2
[2026-03-13T20:50:58.745+0000] {taskinstance.py:2330} INFO - Executing <Task(_PythonDecoratedOperator): extract> on 2026-03-13 20:50:57.409826+00:00
[2026-03-13T20:50:58.752+0000] {standard_task_runner.py:64} INFO - Started process 10964 to run task
[2026-03-13T20:50:58.755+0000] {standard_task_runner.py:90} INFO - Running: ['airflow', 'tasks', 'run', 'insurance_claims_etl_demo', 'extract', 'manual__2026-03-13T20:50:57.409826+00:00', '--job-id', '72', '--raw', '--subdir', 'DAGS_FOLDER/insurance_claims_etl_dag.py', '--cfg-path', '/tmp/tmpfe3lzny7']
[2026-03-13T20:50:58.758+0000] {standard_task_runner.py:91} INFO - Job 72: Subtask extract
[2026-03-13T20:50:58.812+0000] {task_command.py:426} INFO - Running <TaskInstance: insurance_claims_etl_demo.extract manual__2026-03-13T20:50:57.409826+00:00 [running]> on host f29beff0184f
[2026-03-13T20:50:58.906+0000] {taskinstance.py:2648} INFO - Exporting env vars: AIRFLOW_CTX_DAG_OWNER='jingxu' AIRFLOW_CTX_DAG_ID='insurance_claims_etl_demo' AIRFLOW_CTX_TASK_ID='extract' AIRFLOW_CTX_EXECUTION_DATE='2026-03-13T20:50:57.409826+00:00' AIRFLOW_CTX_TRY_NUMBER='1' AIRFLOW_CTX_DAG_RUN_ID='manual__2026-03-13T20:50:57.409826+00:00'
[2026-03-13T20:50:58.908+0000] {taskinstance.py:430} INFO - ::endgroup::
[2026-03-13T20:50:58.908+0000] {logging_mixin.py:188} INFO - 开始 Extract 任务
[2026-03-13T20:50:58.910+0000] {logging_mixin.py:188} INFO - 读取文件：/opt/airflow/data/raw/insurance_claims_raw.csv
[2026-03-13T20:50:58.928+0000] {logging_mixin.py:188} INFO - 读取到1338行数据
[2026-03-13T20:50:58.947+0000] {logging_mixin.py:188} INFO - 已清空 raw_claims 表（full refresh 模式）
[2026-03-13T20:50:58.949+0000] {logging_mixin.py:188} INFO - 插入前有0条记录
[2026-03-13T20:50:59.146+0000] {logging_mixin.py:188} INFO - 成功插入1338 条记录
[2026-03-13T20:50:59.148+0000] {logging_mixin.py:188} INFO - 插入后表中有 1338 条记录
[2026-03-13T20:50:59.149+0000] {logging_mixin.py:188} INFO - Extract 任务完成， 处理1338行
[2026-03-13T20:50:59.150+0000] {python.py:237} INFO - Done. Returned value was: {'extracted_rows': 1338}
[2026-03-13T20:50:59.150+0000] {taskinstance.py:441} INFO - ::group::Post task execution logs
[2026-03-13T20:50:59.175+0000] {taskinstance.py:1206} INFO - Marking task as SUCCESS. dag_id=insurance_claims_etl_demo, task_id=extract, run_id=manual__2026-03-13T20:50:57.409826+00:00, execution_date=20260313T205057, start_date=20260313T205058, end_date=20260313T205059
[2026-03-13T20:50:59.209+0000] {local_task_job_runner.py:243} INFO - Task exited with return code 0
[2026-03-13T20:50:59.226+0000] {taskinstance.py:3503} INFO - 0 downstream tasks scheduled from follow-on schedule check
[2026-03-13T20:50:59.229+0000] {local_task_job_runner.py:222} INFO - ::endgroup::
