[2026-03-14T01:16:07.188+0000] {local_task_job_runner.py:120} INFO - ::group::Pre task execution logs
[2026-03-14T01:16:07.217+0000] {taskinstance.py:2076} INFO - Dependencies all met for dep_context=non-requeueable deps ti=<TaskInstance: insurance_claims_etl_demo.load manual__2026-03-14T01:16:04.210092+00:00 [queued]>
[2026-03-14T01:16:07.225+0000] {taskinstance.py:2076} INFO - Dependencies all met for dep_context=requeueable deps ti=<TaskInstance: insurance_claims_etl_demo.load manual__2026-03-14T01:16:04.210092+00:00 [queued]>
[2026-03-14T01:16:07.227+0000] {taskinstance.py:2306} INFO - Starting attempt 1 of 2
[2026-03-14T01:16:07.243+0000] {taskinstance.py:2330} INFO - Executing <Task(_PythonDecoratedOperator): load> on 2026-03-14 01:16:04.210092+00:00
[2026-03-14T01:16:07.251+0000] {standard_task_runner.py:64} INFO - Started process 14313 to run task
[2026-03-14T01:16:07.254+0000] {standard_task_runner.py:90} INFO - Running: ['airflow', 'tasks', 'run', 'insurance_claims_etl_demo', 'load', 'manual__2026-03-14T01:16:04.210092+00:00', '--job-id', '85', '--raw', '--subdir', 'DAGS_FOLDER/insurance_claims_etl_dag.py', '--cfg-path', '/tmp/tmp8chmniz0']
[2026-03-14T01:16:07.257+0000] {standard_task_runner.py:91} INFO - Job 85: Subtask load
[2026-03-14T01:16:07.303+0000] {task_command.py:426} INFO - Running <TaskInstance: insurance_claims_etl_demo.load manual__2026-03-14T01:16:04.210092+00:00 [running]> on host f29beff0184f
[2026-03-14T01:16:07.401+0000] {taskinstance.py:2648} INFO - Exporting env vars: AIRFLOW_CTX_DAG_OWNER='jingxu' AIRFLOW_CTX_DAG_ID='insurance_claims_etl_demo' AIRFLOW_CTX_TASK_ID='load' AIRFLOW_CTX_EXECUTION_DATE='2026-03-14T01:16:04.210092+00:00' AIRFLOW_CTX_TRY_NUMBER='1' AIRFLOW_CTX_DAG_RUN_ID='manual__2026-03-14T01:16:04.210092+00:00'
[2026-03-14T01:16:07.402+0000] {taskinstance.py:430} INFO - ::endgroup::
[2026-03-14T01:16:07.654+0000] {logging_mixin.py:188} INFO - S3 Bucket 'claims-bucket' 创建成功（或已存在）
[2026-03-14T01:16:07.683+0000] {logging_mixin.py:188} INFO - 上传成功：s3://claims-bucket/transformed/claims.parquet
[2026-03-14T01:16:07.746+0000] {logging_mixin.py:188} INFO - 准备加载 1338 行到 transformed_claims
[2026-03-14T01:16:08.222+0000] {logging_mixin.py:188} INFO - 加载到 transformed_claims 完成
[2026-03-14T01:16:08.223+0000] {python.py:237} INFO - Done. Returned value was: {'s3_url': 's3://claims-bucket/transformed/claims.parquet', 'loaded_rows': 1338}
[2026-03-14T01:16:08.223+0000] {taskinstance.py:441} INFO - ::group::Post task execution logs
[2026-03-14T01:16:08.251+0000] {taskinstance.py:1206} INFO - Marking task as SUCCESS. dag_id=insurance_claims_etl_demo, task_id=load, run_id=manual__2026-03-14T01:16:04.210092+00:00, execution_date=20260314T011604, start_date=20260314T011607, end_date=20260314T011608
[2026-03-14T01:16:08.313+0000] {local_task_job_runner.py:243} INFO - Task exited with return code 0
[2026-03-14T01:16:08.332+0000] {taskinstance.py:3503} INFO - 0 downstream tasks scheduled from follow-on schedule check
[2026-03-14T01:16:08.335+0000] {local_task_job_runner.py:222} INFO - ::endgroup::
