[2026-03-13T20:29:26.962+0000] {local_task_job_runner.py:120} INFO - ::group::Pre task execution logs
[2026-03-13T20:29:27.000+0000] {taskinstance.py:2076} INFO - Dependencies all met for dep_context=non-requeueable deps ti=<TaskInstance: insurance_claims_etl_demo.extract manual__2026-03-13T20:29:24.758757+00:00 [queued]>
[2026-03-13T20:29:27.007+0000] {taskinstance.py:2076} INFO - Dependencies all met for dep_context=requeueable deps ti=<TaskInstance: insurance_claims_etl_demo.extract manual__2026-03-13T20:29:24.758757+00:00 [queued]>
[2026-03-13T20:29:27.007+0000] {taskinstance.py:2306} INFO - Starting attempt 1 of 2
[2026-03-13T20:29:27.020+0000] {taskinstance.py:2330} INFO - Executing <Task(_PythonDecoratedOperator): extract> on 2026-03-13 20:29:24.758757+00:00
[2026-03-13T20:29:27.027+0000] {standard_task_runner.py:64} INFO - Started process 10422 to run task
[2026-03-13T20:29:27.030+0000] {standard_task_runner.py:90} INFO - Running: ['airflow', 'tasks', 'run', 'insurance_claims_etl_demo', 'extract', 'manual__2026-03-13T20:29:24.758757+00:00', '--job-id', '47', '--raw', '--subdir', 'DAGS_FOLDER/insurance_claims_etl_dag.py', '--cfg-path', '/tmp/tmpl_y3_1xq']
[2026-03-13T20:29:27.032+0000] {standard_task_runner.py:91} INFO - Job 47: Subtask extract
[2026-03-13T20:29:27.089+0000] {task_command.py:426} INFO - Running <TaskInstance: insurance_claims_etl_demo.extract manual__2026-03-13T20:29:24.758757+00:00 [running]> on host f29beff0184f
[2026-03-13T20:29:27.202+0000] {taskinstance.py:2648} INFO - Exporting env vars: AIRFLOW_CTX_DAG_OWNER='jingxu' AIRFLOW_CTX_DAG_ID='insurance_claims_etl_demo' AIRFLOW_CTX_TASK_ID='extract' AIRFLOW_CTX_EXECUTION_DATE='2026-03-13T20:29:24.758757+00:00' AIRFLOW_CTX_TRY_NUMBER='1' AIRFLOW_CTX_DAG_RUN_ID='manual__2026-03-13T20:29:24.758757+00:00'
[2026-03-13T20:29:27.204+0000] {taskinstance.py:430} INFO - ::endgroup::
[2026-03-13T20:29:27.205+0000] {logging_mixin.py:188} INFO - 开始 Extract 任务
[2026-03-13T20:29:27.207+0000] {logging_mixin.py:188} INFO - 读取文件：/opt/airflow/data/raw/insurance_claims_raw.csv
[2026-03-13T20:29:27.232+0000] {taskinstance.py:441} INFO - ::group::Post task execution logs
[2026-03-13T20:29:27.232+0000] {taskinstance.py:2905} ERROR - Task failed with exception
Traceback (most recent call last):
  File "/home/airflow/.local/lib/python3.11/site-packages/airflow/models/taskinstance.py", line 465, in _execute_task
    result = _execute_callable(context=context, **execute_callable_kwargs)
             ^^^^^^^^^^^^^^^^^^^^^^^^^^^^^^^^^^^^^^^^^^^^^^^^^^^^^^^^^^^^^
  File "/home/airflow/.local/lib/python3.11/site-packages/airflow/models/taskinstance.py", line 432, in _execute_callable
    return execute_callable(context=context, **execute_callable_kwargs)
           ^^^^^^^^^^^^^^^^^^^^^^^^^^^^^^^^^^^^^^^^^^^^^^^^^^^^^^^^^^^^
  File "/home/airflow/.local/lib/python3.11/site-packages/airflow/models/baseoperator.py", line 401, in wrapper
    return func(self, *args, **kwargs)
           ^^^^^^^^^^^^^^^^^^^^^^^^^^^
  File "/home/airflow/.local/lib/python3.11/site-packages/airflow/decorators/base.py", line 265, in execute
    return_value = super().execute(context)
                   ^^^^^^^^^^^^^^^^^^^^^^^^
  File "/home/airflow/.local/lib/python3.11/site-packages/airflow/models/baseoperator.py", line 401, in wrapper
    return func(self, *args, **kwargs)
           ^^^^^^^^^^^^^^^^^^^^^^^^^^^
  File "/home/airflow/.local/lib/python3.11/site-packages/airflow/operators/python.py", line 235, in execute
    return_value = self.execute_callable()
                   ^^^^^^^^^^^^^^^^^^^^^^^
  File "/home/airflow/.local/lib/python3.11/site-packages/airflow/operators/python.py", line 252, in execute_callable
    return self.python_callable(*self.op_args, **self.op_kwargs)
           ^^^^^^^^^^^^^^^^^^^^^^^^^^^^^^^^^^^^^^^^^^^^^^^^^^^^^
  File "/opt/airflow/dags/insurance_claims_etl_dag.py", line 40, in extract
    result = extract_task()
             ^^^^^^^^^^^^^^
  File "/opt/airflow/scripts/extract.py", line 119, in extract_task
    rows = extract_and_load_raw(full_refresh = True)
           ^^^^^^^^^^^^^^^^^^^^^^^^^^^^^^^^^^^^^^^^^
  File "/opt/airflow/scripts/extract.py", line 65, in extract_and_load_raw
    df["claim_date"] = [
                       ^
  File "/opt/airflow/scripts/extract.py", line 66, in <listcomp>
    base_date + timedelta(days=random.randint(0, 730))  # 随机 0~730 天
                               ^^^^^^^^^^^^^^
AttributeError: 'builtin_function_or_method' object has no attribute 'randint'
[2026-03-13T20:29:27.252+0000] {taskinstance.py:1206} INFO - Marking task as UP_FOR_RETRY. dag_id=insurance_claims_etl_demo, task_id=extract, run_id=manual__2026-03-13T20:29:24.758757+00:00, execution_date=20260313T202924, start_date=20260313T202927, end_date=20260313T202927
[2026-03-13T20:29:27.264+0000] {standard_task_runner.py:110} ERROR - Failed to execute job 47 for task extract ('builtin_function_or_method' object has no attribute 'randint'; 10422)
[2026-03-13T20:29:27.284+0000] {local_task_job_runner.py:243} INFO - Task exited with return code 1
[2026-03-13T20:29:27.301+0000] {taskinstance.py:3503} INFO - 0 downstream tasks scheduled from follow-on schedule check
[2026-03-13T20:29:27.303+0000] {local_task_job_runner.py:222} INFO - ::endgroup::
