[2026-03-13T20:43:57.078+0000] {local_task_job_runner.py:120} INFO - ::group::Pre task execution logs
[2026-03-13T20:43:57.112+0000] {taskinstance.py:2076} INFO - Dependencies all met for dep_context=non-requeueable deps ti=<TaskInstance: insurance_claims_etl_demo.transform manual__2026-03-13T20:43:55.375123+00:00 [queued]>
[2026-03-13T20:43:57.120+0000] {taskinstance.py:2076} INFO - Dependencies all met for dep_context=requeueable deps ti=<TaskInstance: insurance_claims_etl_demo.transform manual__2026-03-13T20:43:55.375123+00:00 [queued]>
[2026-03-13T20:43:57.121+0000] {taskinstance.py:2306} INFO - Starting attempt 1 of 2
[2026-03-13T20:43:57.135+0000] {taskinstance.py:2330} INFO - Executing <Task(_PythonDecoratedOperator): transform> on 2026-03-13 20:43:55.375123+00:00
[2026-03-13T20:43:57.142+0000] {standard_task_runner.py:64} INFO - Started process 10707 to run task
[2026-03-13T20:43:57.144+0000] {standard_task_runner.py:90} INFO - Running: ['airflow', 'tasks', 'run', 'insurance_claims_etl_demo', 'transform', 'manual__2026-03-13T20:43:55.375123+00:00', '--job-id', '57', '--raw', '--subdir', 'DAGS_FOLDER/insurance_claims_etl_dag.py', '--cfg-path', '/tmp/tmp12mgq81v']
[2026-03-13T20:43:57.147+0000] {standard_task_runner.py:91} INFO - Job 57: Subtask transform
[2026-03-13T20:43:57.206+0000] {task_command.py:426} INFO - Running <TaskInstance: insurance_claims_etl_demo.transform manual__2026-03-13T20:43:55.375123+00:00 [running]> on host f29beff0184f
[2026-03-13T20:43:57.316+0000] {taskinstance.py:2648} INFO - Exporting env vars: AIRFLOW_CTX_DAG_OWNER='jingxu' AIRFLOW_CTX_DAG_ID='insurance_claims_etl_demo' AIRFLOW_CTX_TASK_ID='transform' AIRFLOW_CTX_EXECUTION_DATE='2026-03-13T20:43:55.375123+00:00' AIRFLOW_CTX_TRY_NUMBER='1' AIRFLOW_CTX_DAG_RUN_ID='manual__2026-03-13T20:43:55.375123+00:00'
[2026-03-13T20:43:57.318+0000] {taskinstance.py:430} INFO - ::endgroup::
[2026-03-13T20:43:57.352+0000] {logging_mixin.py:188} INFO - Transform 读取到 1338 行数据
[2026-03-13T20:43:57.353+0000] {logging_mixin.py:188} INFO - 开始 Transform ...
[2026-03-13T20:43:57.369+0000] {logging_mixin.py:188} INFO - Transform 完成，输出 1338 行，新增字段：['smoker_flag', 'claim_year', 'currency', 'charge_group', 'claim_month', 'claim_quarter', 'claim_day_of_week', 'age_group', 'claim_type']
[2026-03-13T20:43:57.423+0000] {logging_mixin.py:188} INFO - 已保存 transformed 数据到 /opt/airflow/data/processed/transformed.parquet
[2026-03-13T20:43:57.424+0000] {python.py:237} INFO - Done. Returned value was: {'transformed_rows': 1338, 'parquet_path': '/opt/airflow/data/processed/transformed.parquet'}
[2026-03-13T20:43:57.425+0000] {taskinstance.py:441} INFO - ::group::Post task execution logs
[2026-03-13T20:43:57.455+0000] {taskinstance.py:1206} INFO - Marking task as SUCCESS. dag_id=insurance_claims_etl_demo, task_id=transform, run_id=manual__2026-03-13T20:43:55.375123+00:00, execution_date=20260313T204355, start_date=20260313T204357, end_date=20260313T204357
[2026-03-13T20:43:57.478+0000] {local_task_job_runner.py:243} INFO - Task exited with return code 0
[2026-03-13T20:43:57.505+0000] {taskinstance.py:3503} INFO - 1 downstream tasks scheduled from follow-on schedule check
[2026-03-13T20:43:57.507+0000] {local_task_job_runner.py:222} INFO - ::endgroup::
