[2026-03-13T20:49:58.526+0000] {local_task_job_runner.py:120} INFO - ::group::Pre task execution logs
[2026-03-13T20:49:58.561+0000] {taskinstance.py:2076} INFO - Dependencies all met for dep_context=non-requeueable deps ti=<TaskInstance: insurance_claims_etl_demo.transform manual__2026-03-13T20:49:57.234707+00:00 [queued]>
[2026-03-13T20:49:58.568+0000] {taskinstance.py:2076} INFO - Dependencies all met for dep_context=requeueable deps ti=<TaskInstance: insurance_claims_etl_demo.transform manual__2026-03-13T20:49:57.234707+00:00 [queued]>
[2026-03-13T20:49:58.569+0000] {taskinstance.py:2306} INFO - Starting attempt 1 of 2
[2026-03-13T20:49:58.583+0000] {taskinstance.py:2330} INFO - Executing <Task(_PythonDecoratedOperator): transform> on 2026-03-13 20:49:57.234707+00:00
[2026-03-13T20:49:58.589+0000] {standard_task_runner.py:64} INFO - Started process 10905 to run task
[2026-03-13T20:49:58.591+0000] {standard_task_runner.py:90} INFO - Running: ['airflow', 'tasks', 'run', 'insurance_claims_etl_demo', 'transform', 'manual__2026-03-13T20:49:57.234707+00:00', '--job-id', '69', '--raw', '--subdir', 'DAGS_FOLDER/insurance_claims_etl_dag.py', '--cfg-path', '/tmp/tmpzrm6vkw7']
[2026-03-13T20:49:58.593+0000] {standard_task_runner.py:91} INFO - Job 69: Subtask transform
[2026-03-13T20:49:58.648+0000] {task_command.py:426} INFO - Running <TaskInstance: insurance_claims_etl_demo.transform manual__2026-03-13T20:49:57.234707+00:00 [running]> on host f29beff0184f
[2026-03-13T20:49:58.747+0000] {taskinstance.py:2648} INFO - Exporting env vars: AIRFLOW_CTX_DAG_OWNER='jingxu' AIRFLOW_CTX_DAG_ID='insurance_claims_etl_demo' AIRFLOW_CTX_TASK_ID='transform' AIRFLOW_CTX_EXECUTION_DATE='2026-03-13T20:49:57.234707+00:00' AIRFLOW_CTX_TRY_NUMBER='1' AIRFLOW_CTX_DAG_RUN_ID='manual__2026-03-13T20:49:57.234707+00:00'
[2026-03-13T20:49:58.749+0000] {taskinstance.py:430} INFO - ::endgroup::
[2026-03-13T20:49:58.771+0000] {logging_mixin.py:188} INFO - Transform 读取到 0 行数据
[2026-03-13T20:49:58.771+0000] {logging_mixin.py:188} INFO - 开始 Transform ...
[2026-03-13T20:49:58.786+0000] {logging_mixin.py:188} INFO - Transform 完成，输出 0 行，新增字段：['smoker_flag', 'claim_year', 'currency', 'charge_group', 'claim_month', 'claim_quarter', 'claim_day_of_week', 'age_group', 'claim_type']
[2026-03-13T20:49:58.825+0000] {logging_mixin.py:188} INFO - 已保存 transformed 数据到 /opt/airflow/data/processed/transformed.parquet
[2026-03-13T20:49:58.826+0000] {python.py:237} INFO - Done. Returned value was: {'transformed_rows': 0, 'parquet_path': '/opt/airflow/data/processed/transformed.parquet'}
[2026-03-13T20:49:58.826+0000] {taskinstance.py:441} INFO - ::group::Post task execution logs
[2026-03-13T20:49:58.853+0000] {taskinstance.py:1206} INFO - Marking task as SUCCESS. dag_id=insurance_claims_etl_demo, task_id=transform, run_id=manual__2026-03-13T20:49:57.234707+00:00, execution_date=20260313T204957, start_date=20260313T204958, end_date=20260313T204958
[2026-03-13T20:49:58.885+0000] {local_task_job_runner.py:243} INFO - Task exited with return code 0
[2026-03-13T20:49:58.906+0000] {taskinstance.py:3503} INFO - 1 downstream tasks scheduled from follow-on schedule check
[2026-03-13T20:49:58.908+0000] {local_task_job_runner.py:222} INFO - ::endgroup::
