[2026-03-13T20:50:58.691+0000] {local_task_job_runner.py:120} INFO - ::group::Pre task execution logs
[2026-03-13T20:50:58.724+0000] {taskinstance.py:2076} INFO - Dependencies all met for dep_context=non-requeueable deps ti=<TaskInstance: insurance_claims_etl_demo.transform manual__2026-03-13T20:50:57.409826+00:00 [queued]>
[2026-03-13T20:50:58.731+0000] {taskinstance.py:2076} INFO - Dependencies all met for dep_context=requeueable deps ti=<TaskInstance: insurance_claims_etl_demo.transform manual__2026-03-13T20:50:57.409826+00:00 [queued]>
[2026-03-13T20:50:58.732+0000] {taskinstance.py:2306} INFO - Starting attempt 1 of 2
[2026-03-13T20:50:58.746+0000] {taskinstance.py:2330} INFO - Executing <Task(_PythonDecoratedOperator): transform> on 2026-03-13 20:50:57.409826+00:00
[2026-03-13T20:50:58.752+0000] {standard_task_runner.py:64} INFO - Started process 10963 to run task
[2026-03-13T20:50:58.756+0000] {standard_task_runner.py:90} INFO - Running: ['airflow', 'tasks', 'run', 'insurance_claims_etl_demo', 'transform', 'manual__2026-03-13T20:50:57.409826+00:00', '--job-id', '71', '--raw', '--subdir', 'DAGS_FOLDER/insurance_claims_etl_dag.py', '--cfg-path', '/tmp/tmpdex9h53b']
[2026-03-13T20:50:58.758+0000] {standard_task_runner.py:91} INFO - Job 71: Subtask transform
[2026-03-13T20:50:58.812+0000] {task_command.py:426} INFO - Running <TaskInstance: insurance_claims_etl_demo.transform manual__2026-03-13T20:50:57.409826+00:00 [running]> on host f29beff0184f
[2026-03-13T20:50:58.905+0000] {taskinstance.py:2648} INFO - Exporting env vars: AIRFLOW_CTX_DAG_OWNER='jingxu' AIRFLOW_CTX_DAG_ID='insurance_claims_etl_demo' AIRFLOW_CTX_TASK_ID='transform' AIRFLOW_CTX_EXECUTION_DATE='2026-03-13T20:50:57.409826+00:00' AIRFLOW_CTX_TRY_NUMBER='1' AIRFLOW_CTX_DAG_RUN_ID='manual__2026-03-13T20:50:57.409826+00:00'
[2026-03-13T20:50:58.906+0000] {taskinstance.py:430} INFO - ::endgroup::
[2026-03-13T20:50:58.927+0000] {logging_mixin.py:188} INFO - Transform 读取到 0 行数据
[2026-03-13T20:50:58.928+0000] {logging_mixin.py:188} INFO - 开始 Transform ...
[2026-03-13T20:50:58.940+0000] {logging_mixin.py:188} INFO - Transform 完成，输出 0 行，新增字段：['smoker_flag', 'claim_year', 'currency', 'charge_group', 'claim_month', 'claim_quarter', 'claim_day_of_week', 'age_group', 'claim_type']
[2026-03-13T20:50:58.975+0000] {logging_mixin.py:188} INFO - 已保存 transformed 数据到 /opt/airflow/data/processed/transformed.parquet
[2026-03-13T20:50:58.976+0000] {python.py:237} INFO - Done. Returned value was: {'transformed_rows': 0, 'parquet_path': '/opt/airflow/data/processed/transformed.parquet'}
[2026-03-13T20:50:58.976+0000] {taskinstance.py:441} INFO - ::group::Post task execution logs
[2026-03-13T20:50:59.002+0000] {taskinstance.py:1206} INFO - Marking task as SUCCESS. dag_id=insurance_claims_etl_demo, task_id=transform, run_id=manual__2026-03-13T20:50:57.409826+00:00, execution_date=20260313T205057, start_date=20260313T205058, end_date=20260313T205059
[2026-03-13T20:50:59.049+0000] {local_task_job_runner.py:243} INFO - Task exited with return code 0
[2026-03-13T20:50:59.073+0000] {taskinstance.py:3503} INFO - 1 downstream tasks scheduled from follow-on schedule check
[2026-03-13T20:50:59.077+0000] {local_task_job_runner.py:222} INFO - ::endgroup::
