[2026-03-10T20:41:29.836+0000] {local_task_job_runner.py:120} INFO - ::group::Pre task execution logs
[2026-03-10T20:41:29.868+0000] {taskinstance.py:2076} INFO - Dependencies all met for dep_context=non-requeueable deps ti=<TaskInstance: insurance_claims_etl_demo.transform manual__2026-03-10T20:41:28.467372+00:00 [queued]>
[2026-03-10T20:41:29.874+0000] {taskinstance.py:2076} INFO - Dependencies all met for dep_context=requeueable deps ti=<TaskInstance: insurance_claims_etl_demo.transform manual__2026-03-10T20:41:28.467372+00:00 [queued]>
[2026-03-10T20:41:29.875+0000] {taskinstance.py:2306} INFO - Starting attempt 1 of 2
[2026-03-10T20:41:29.887+0000] {taskinstance.py:2330} INFO - Executing <Task(_PythonDecoratedOperator): transform> on 2026-03-10 20:41:28.467372+00:00
[2026-03-10T20:41:29.892+0000] {standard_task_runner.py:64} INFO - Started process 619 to run task
[2026-03-10T20:41:29.894+0000] {standard_task_runner.py:90} INFO - Running: ['airflow', 'tasks', 'run', 'insurance_claims_etl_demo', 'transform', 'manual__2026-03-10T20:41:28.467372+00:00', '--job-id', '38', '--raw', '--subdir', 'DAGS_FOLDER/insurance_claims_etl_dag.py', '--cfg-path', '/tmp/tmpvh0l8n39']
[2026-03-10T20:41:29.897+0000] {standard_task_runner.py:91} INFO - Job 38: Subtask transform
[2026-03-10T20:41:29.957+0000] {task_command.py:426} INFO - Running <TaskInstance: insurance_claims_etl_demo.transform manual__2026-03-10T20:41:28.467372+00:00 [running]> on host f29beff0184f
[2026-03-10T20:41:30.053+0000] {taskinstance.py:2648} INFO - Exporting env vars: AIRFLOW_CTX_DAG_OWNER='jingxu' AIRFLOW_CTX_DAG_ID='insurance_claims_etl_demo' AIRFLOW_CTX_TASK_ID='transform' AIRFLOW_CTX_EXECUTION_DATE='2026-03-10T20:41:28.467372+00:00' AIRFLOW_CTX_TRY_NUMBER='1' AIRFLOW_CTX_DAG_RUN_ID='manual__2026-03-10T20:41:28.467372+00:00'
[2026-03-10T20:41:30.054+0000] {taskinstance.py:430} INFO - ::endgroup::
[2026-03-10T20:41:30.057+0000] {taskinstance.py:441} INFO - ::group::Post task execution logs
[2026-03-10T20:41:30.058+0000] {taskinstance.py:2905} ERROR - Task failed with exception
Traceback (most recent call last):
  File "/home/airflow/.local/lib/python3.11/site-packages/airflow/models/taskinstance.py", line 465, in _execute_task
    result = _execute_callable(context=context, **execute_callable_kwargs)
             ^^^^^^^^^^^^^^^^^^^^^^^^^^^^^^^^^^^^^^^^^^^^^^^^^^^^^^^^^^^^^
  File "/home/airflow/.local/lib/python3.11/site-packages/airflow/models/taskinstance.py", line 432, in _execute_callable
    return execute_callable(context=context, **execute_callable_kwargs)
           ^^^^^^^^^^^^^^^^^^^^^^^^^^^^^^^^^^^^^^^^^^^^^^^^^^^^^^^^^^^^
  File "/home/airflow/.local/lib/python3.11/site-packages/airflow/models/baseoperator.py", line 401, in wrapper
    return func(self, *args, **kwargs)
           ^^^^^^^^^^^^^^^^^^^^^^^^^^^
  File "/home/airflow/.local/lib/python3.11/site-packages/airflow/decorators/base.py", line 265, in execute
    return_value = super().execute(context)
                   ^^^^^^^^^^^^^^^^^^^^^^^^
  File "/home/airflow/.local/lib/python3.11/site-packages/airflow/models/baseoperator.py", line 401, in wrapper
    return func(self, *args, **kwargs)
           ^^^^^^^^^^^^^^^^^^^^^^^^^^^
  File "/home/airflow/.local/lib/python3.11/site-packages/airflow/operators/python.py", line 235, in execute
    return_value = self.execute_callable()
                   ^^^^^^^^^^^^^^^^^^^^^^^
  File "/home/airflow/.local/lib/python3.11/site-packages/airflow/operators/python.py", line 252, in execute_callable
    return self.python_callable(*self.op_args, **self.op_kwargs)
           ^^^^^^^^^^^^^^^^^^^^^^^^^^^^^^^^^^^^^^^^^^^^^^^^^^^^^
  File "/opt/airflow/dags/insurance_claims_etl_dag.py", line 47, in transform
    engine = create_engine()
             ^^^^^^^^^^^^^^^
TypeError: create_engine() missing 1 required positional argument: 'url'
[2026-03-10T20:41:30.075+0000] {taskinstance.py:1206} INFO - Marking task as UP_FOR_RETRY. dag_id=insurance_claims_etl_demo, task_id=transform, run_id=manual__2026-03-10T20:41:28.467372+00:00, execution_date=20260310T204128, start_date=20260310T204129, end_date=20260310T204130
[2026-03-10T20:41:30.086+0000] {standard_task_runner.py:110} ERROR - Failed to execute job 38 for task transform (create_engine() missing 1 required positional argument: 'url'; 619)
[2026-03-10T20:41:30.108+0000] {local_task_job_runner.py:243} INFO - Task exited with return code 1
[2026-03-10T20:41:30.125+0000] {taskinstance.py:3503} INFO - 0 downstream tasks scheduled from follow-on schedule check
[2026-03-10T20:41:30.127+0000] {local_task_job_runner.py:222} INFO - ::endgroup::
