[2026-03-13T20:50:00.457+0000] {local_task_job_runner.py:120} INFO - ::group::Pre task execution logs
[2026-03-13T20:50:00.486+0000] {taskinstance.py:2076} INFO - Dependencies all met for dep_context=non-requeueable deps ti=<TaskInstance: insurance_claims_etl_demo.load manual__2026-03-13T20:49:57.234707+00:00 [queued]>
[2026-03-13T20:50:00.492+0000] {taskinstance.py:2076} INFO - Dependencies all met for dep_context=requeueable deps ti=<TaskInstance: insurance_claims_etl_demo.load manual__2026-03-13T20:49:57.234707+00:00 [queued]>
[2026-03-13T20:50:00.493+0000] {taskinstance.py:2306} INFO - Starting attempt 1 of 2
[2026-03-13T20:50:00.503+0000] {taskinstance.py:2330} INFO - Executing <Task(_PythonDecoratedOperator): load> on 2026-03-13 20:49:57.234707+00:00
[2026-03-13T20:50:00.509+0000] {standard_task_runner.py:64} INFO - Started process 10909 to run task
[2026-03-13T20:50:00.512+0000] {standard_task_runner.py:90} INFO - Running: ['airflow', 'tasks', 'run', 'insurance_claims_etl_demo', 'load', 'manual__2026-03-13T20:49:57.234707+00:00', '--job-id', '70', '--raw', '--subdir', 'DAGS_FOLDER/insurance_claims_etl_dag.py', '--cfg-path', '/tmp/tmpg7h3vnm4']
[2026-03-13T20:50:00.513+0000] {standard_task_runner.py:91} INFO - Job 70: Subtask load
[2026-03-13T20:50:00.559+0000] {task_command.py:426} INFO - Running <TaskInstance: insurance_claims_etl_demo.load manual__2026-03-13T20:49:57.234707+00:00 [running]> on host f29beff0184f
[2026-03-13T20:50:00.664+0000] {taskinstance.py:2648} INFO - Exporting env vars: AIRFLOW_CTX_DAG_OWNER='jingxu' AIRFLOW_CTX_DAG_ID='insurance_claims_etl_demo' AIRFLOW_CTX_TASK_ID='load' AIRFLOW_CTX_EXECUTION_DATE='2026-03-13T20:49:57.234707+00:00' AIRFLOW_CTX_TRY_NUMBER='1' AIRFLOW_CTX_DAG_RUN_ID='manual__2026-03-13T20:49:57.234707+00:00'
[2026-03-13T20:50:00.665+0000] {taskinstance.py:430} INFO - ::endgroup::
[2026-03-13T20:50:00.895+0000] {logging_mixin.py:188} INFO - S3 Bucket 'claims-bucket' 创建成功（或已存在）
[2026-03-13T20:50:00.916+0000] {logging_mixin.py:188} INFO - 上传成功：s3://claims-bucket/transformed/claims.parquet
[2026-03-13T20:50:00.954+0000] {logging_mixin.py:188} INFO - 准备加载 0 行到 transformed_claims
[2026-03-13T20:50:00.987+0000] {logging_mixin.py:188} INFO - 加载到 transformed_claims 完成
[2026-03-13T20:50:00.988+0000] {python.py:237} INFO - Done. Returned value was: {'s3_url': 's3://claims-bucket/transformed/claims.parquet', 'loaded_rows': 0}
[2026-03-13T20:50:00.988+0000] {taskinstance.py:441} INFO - ::group::Post task execution logs
[2026-03-13T20:50:01.011+0000] {taskinstance.py:1206} INFO - Marking task as SUCCESS. dag_id=insurance_claims_etl_demo, task_id=load, run_id=manual__2026-03-13T20:49:57.234707+00:00, execution_date=20260313T204957, start_date=20260313T205000, end_date=20260313T205001
[2026-03-13T20:50:01.045+0000] {local_task_job_runner.py:243} INFO - Task exited with return code 0
[2026-03-13T20:50:01.063+0000] {taskinstance.py:3503} INFO - 0 downstream tasks scheduled from follow-on schedule check
[2026-03-13T20:50:01.065+0000] {local_task_job_runner.py:222} INFO - ::endgroup::
