[2026-03-13T20:31:36.874+0000] {local_task_job_runner.py:120} INFO - ::group::Pre task execution logs
[2026-03-13T20:31:36.909+0000] {taskinstance.py:2076} INFO - Dependencies all met for dep_context=non-requeueable deps ti=<TaskInstance: insurance_claims_etl_demo.extract manual__2026-03-13T20:31:35.368303+00:00 [queued]>
[2026-03-13T20:31:36.918+0000] {taskinstance.py:2076} INFO - Dependencies all met for dep_context=requeueable deps ti=<TaskInstance: insurance_claims_etl_demo.extract manual__2026-03-13T20:31:35.368303+00:00 [queued]>
[2026-03-13T20:31:36.919+0000] {taskinstance.py:2306} INFO - Starting attempt 1 of 2
[2026-03-13T20:31:36.938+0000] {taskinstance.py:2330} INFO - Executing <Task(_PythonDecoratedOperator): extract> on 2026-03-13 20:31:35.368303+00:00
[2026-03-13T20:31:36.946+0000] {standard_task_runner.py:64} INFO - Started process 10480 to run task
[2026-03-13T20:31:36.948+0000] {standard_task_runner.py:90} INFO - Running: ['airflow', 'tasks', 'run', 'insurance_claims_etl_demo', 'extract', 'manual__2026-03-13T20:31:35.368303+00:00', '--job-id', '50', '--raw', '--subdir', 'DAGS_FOLDER/insurance_claims_etl_dag.py', '--cfg-path', '/tmp/tmph85uesq1']
[2026-03-13T20:31:36.950+0000] {standard_task_runner.py:91} INFO - Job 50: Subtask extract
[2026-03-13T20:31:37.002+0000] {task_command.py:426} INFO - Running <TaskInstance: insurance_claims_etl_demo.extract manual__2026-03-13T20:31:35.368303+00:00 [running]> on host f29beff0184f
[2026-03-13T20:31:37.100+0000] {taskinstance.py:2648} INFO - Exporting env vars: AIRFLOW_CTX_DAG_OWNER='jingxu' AIRFLOW_CTX_DAG_ID='insurance_claims_etl_demo' AIRFLOW_CTX_TASK_ID='extract' AIRFLOW_CTX_EXECUTION_DATE='2026-03-13T20:31:35.368303+00:00' AIRFLOW_CTX_TRY_NUMBER='1' AIRFLOW_CTX_DAG_RUN_ID='manual__2026-03-13T20:31:35.368303+00:00'
[2026-03-13T20:31:37.102+0000] {taskinstance.py:430} INFO - ::endgroup::
[2026-03-13T20:31:37.102+0000] {logging_mixin.py:188} INFO - 开始 Extract 任务
[2026-03-13T20:31:37.104+0000] {logging_mixin.py:188} INFO - 读取文件：/opt/airflow/data/raw/insurance_claims_raw.csv
[2026-03-13T20:31:37.122+0000] {logging_mixin.py:188} INFO - 读取到1338行数据
[2026-03-13T20:31:37.145+0000] {logging_mixin.py:188} INFO - 已清空 raw_claims 表（full refresh 模式）
[2026-03-13T20:31:37.147+0000] {logging_mixin.py:188} INFO - 插入前有0条记录
[2026-03-13T20:31:37.310+0000] {logging_mixin.py:188} INFO - 成功插入1338 条记录
[2026-03-13T20:31:37.311+0000] {logging_mixin.py:188} INFO - 插入后表中有 1338 条记录
[2026-03-13T20:31:37.313+0000] {logging_mixin.py:188} INFO - Extract 任务完成， 处理1338行
[2026-03-13T20:31:37.313+0000] {python.py:237} INFO - Done. Returned value was: {'extracted_rows': 1338}
[2026-03-13T20:31:37.313+0000] {taskinstance.py:441} INFO - ::group::Post task execution logs
[2026-03-13T20:31:37.337+0000] {taskinstance.py:1206} INFO - Marking task as SUCCESS. dag_id=insurance_claims_etl_demo, task_id=extract, run_id=manual__2026-03-13T20:31:35.368303+00:00, execution_date=20260313T203135, start_date=20260313T203136, end_date=20260313T203137
[2026-03-13T20:31:37.361+0000] {local_task_job_runner.py:243} INFO - Task exited with return code 0
[2026-03-13T20:31:37.378+0000] {taskinstance.py:3503} INFO - 0 downstream tasks scheduled from follow-on schedule check
[2026-03-13T20:31:37.380+0000] {local_task_job_runner.py:222} INFO - ::endgroup::
