[2026-03-10T20:41:29.836+0000] {local_task_job_runner.py:120} INFO - ::group::Pre task execution logs
[2026-03-10T20:41:29.868+0000] {taskinstance.py:2076} INFO - Dependencies all met for dep_context=non-requeueable deps ti=<TaskInstance: insurance_claims_etl_demo.extract manual__2026-03-10T20:41:28.467372+00:00 [queued]>
[2026-03-10T20:41:29.874+0000] {taskinstance.py:2076} INFO - Dependencies all met for dep_context=requeueable deps ti=<TaskInstance: insurance_claims_etl_demo.extract manual__2026-03-10T20:41:28.467372+00:00 [queued]>
[2026-03-10T20:41:29.875+0000] {taskinstance.py:2306} INFO - Starting attempt 1 of 2
[2026-03-10T20:41:29.886+0000] {taskinstance.py:2330} INFO - Executing <Task(_PythonDecoratedOperator): extract> on 2026-03-10 20:41:28.467372+00:00
[2026-03-10T20:41:29.891+0000] {standard_task_runner.py:64} INFO - Started process 618 to run task
[2026-03-10T20:41:29.894+0000] {standard_task_runner.py:90} INFO - Running: ['airflow', 'tasks', 'run', 'insurance_claims_etl_demo', 'extract', 'manual__2026-03-10T20:41:28.467372+00:00', '--job-id', '37', '--raw', '--subdir', 'DAGS_FOLDER/insurance_claims_etl_dag.py', '--cfg-path', '/tmp/tmpu2t9rlry']
[2026-03-10T20:41:29.897+0000] {standard_task_runner.py:91} INFO - Job 37: Subtask extract
[2026-03-10T20:41:29.956+0000] {task_command.py:426} INFO - Running <TaskInstance: insurance_claims_etl_demo.extract manual__2026-03-10T20:41:28.467372+00:00 [running]> on host f29beff0184f
[2026-03-10T20:41:30.053+0000] {taskinstance.py:2648} INFO - Exporting env vars: AIRFLOW_CTX_DAG_OWNER='jingxu' AIRFLOW_CTX_DAG_ID='insurance_claims_etl_demo' AIRFLOW_CTX_TASK_ID='extract' AIRFLOW_CTX_EXECUTION_DATE='2026-03-10T20:41:28.467372+00:00' AIRFLOW_CTX_TRY_NUMBER='1' AIRFLOW_CTX_DAG_RUN_ID='manual__2026-03-10T20:41:28.467372+00:00'
[2026-03-10T20:41:30.054+0000] {taskinstance.py:430} INFO - ::endgroup::
[2026-03-10T20:41:30.055+0000] {logging_mixin.py:188} INFO - 开始 Extract 任务
[2026-03-10T20:41:30.057+0000] {logging_mixin.py:188} INFO - 读取文件：/opt/airflow/data/raw/insurance_claims_raw.csv
[2026-03-10T20:41:30.076+0000] {logging_mixin.py:188} INFO - 读取到1338行数据
[2026-03-10T20:41:30.095+0000] {logging_mixin.py:188} INFO - 已清空 raw_claims 表（full refresh 模式）
[2026-03-10T20:41:30.097+0000] {logging_mixin.py:188} INFO - 插入前有0条记录
[2026-03-10T20:41:30.266+0000] {logging_mixin.py:188} INFO - 成功插入1338 条记录
[2026-03-10T20:41:30.267+0000] {logging_mixin.py:188} INFO - 插入后表中有 1338 条记录
[2026-03-10T20:41:30.269+0000] {logging_mixin.py:188} INFO - Extract 任务完成， 处理1338行
[2026-03-10T20:41:30.269+0000] {python.py:237} INFO - Done. Returned value was: {'extracted_rows': 1338}
[2026-03-10T20:41:30.270+0000] {taskinstance.py:441} INFO - ::group::Post task execution logs
[2026-03-10T20:41:30.293+0000] {taskinstance.py:1206} INFO - Marking task as SUCCESS. dag_id=insurance_claims_etl_demo, task_id=extract, run_id=manual__2026-03-10T20:41:28.467372+00:00, execution_date=20260310T204128, start_date=20260310T204129, end_date=20260310T204130
[2026-03-10T20:41:30.309+0000] {local_task_job_runner.py:243} INFO - Task exited with return code 0
[2026-03-10T20:41:30.326+0000] {taskinstance.py:3503} INFO - 0 downstream tasks scheduled from follow-on schedule check
[2026-03-10T20:41:30.328+0000] {local_task_job_runner.py:222} INFO - ::endgroup::
