[2026-03-14T01:16:05.549+0000] {local_task_job_runner.py:120} INFO - ::group::Pre task execution logs
[2026-03-14T01:16:05.578+0000] {taskinstance.py:2076} INFO - Dependencies all met for dep_context=non-requeueable deps ti=<TaskInstance: insurance_claims_etl_demo.transform manual__2026-03-14T01:16:04.210092+00:00 [queued]>
[2026-03-14T01:16:05.584+0000] {taskinstance.py:2076} INFO - Dependencies all met for dep_context=requeueable deps ti=<TaskInstance: insurance_claims_etl_demo.transform manual__2026-03-14T01:16:04.210092+00:00 [queued]>
[2026-03-14T01:16:05.585+0000] {taskinstance.py:2306} INFO - Starting attempt 1 of 2
[2026-03-14T01:16:05.596+0000] {taskinstance.py:2330} INFO - Executing <Task(_PythonDecoratedOperator): transform> on 2026-03-14 01:16:04.210092+00:00
[2026-03-14T01:16:05.603+0000] {standard_task_runner.py:64} INFO - Started process 14309 to run task
[2026-03-14T01:16:05.606+0000] {standard_task_runner.py:90} INFO - Running: ['airflow', 'tasks', 'run', 'insurance_claims_etl_demo', 'transform', 'manual__2026-03-14T01:16:04.210092+00:00', '--job-id', '83', '--raw', '--subdir', 'DAGS_FOLDER/insurance_claims_etl_dag.py', '--cfg-path', '/tmp/tmpxkm8g7mc']
[2026-03-14T01:16:05.608+0000] {standard_task_runner.py:91} INFO - Job 83: Subtask transform
[2026-03-14T01:16:05.662+0000] {task_command.py:426} INFO - Running <TaskInstance: insurance_claims_etl_demo.transform manual__2026-03-14T01:16:04.210092+00:00 [running]> on host f29beff0184f
[2026-03-14T01:16:05.751+0000] {taskinstance.py:2648} INFO - Exporting env vars: AIRFLOW_CTX_DAG_OWNER='jingxu' AIRFLOW_CTX_DAG_ID='insurance_claims_etl_demo' AIRFLOW_CTX_TASK_ID='transform' AIRFLOW_CTX_EXECUTION_DATE='2026-03-14T01:16:04.210092+00:00' AIRFLOW_CTX_TRY_NUMBER='1' AIRFLOW_CTX_DAG_RUN_ID='manual__2026-03-14T01:16:04.210092+00:00'
[2026-03-14T01:16:05.753+0000] {taskinstance.py:430} INFO - ::endgroup::
[2026-03-14T01:16:05.756+0000] {logging_mixin.py:188} INFO - 数据库连接字符串: postgresql://etl_user:***@postgres:5432/claims_db
[2026-03-14T01:16:05.774+0000] {logging_mixin.py:188} INFO - DAG 内读取 raw_claims 行数: 1338
[2026-03-14T01:16:05.789+0000] {logging_mixin.py:188} INFO - Transform 读取到 1338 行数据
[2026-03-14T01:16:05.790+0000] {logging_mixin.py:188} INFO - 开始 Transform ...
[2026-03-14T01:16:05.811+0000] {logging_mixin.py:188} INFO - Transform 完成，输出 1338 行，新增字段：['smoker_flag', 'claim_year', 'currency', 'charge_group', 'claim_month', 'claim_quarter', 'claim_day_of_week', 'age_group', 'claim_type']
[2026-03-14T01:16:05.859+0000] {logging_mixin.py:188} INFO - 已保存 transformed 数据到 /opt/airflow/data/processed/transformed.parquet
[2026-03-14T01:16:05.860+0000] {python.py:237} INFO - Done. Returned value was: {'transformed_rows': 1338, 'parquet_path': '/opt/airflow/data/processed/transformed.parquet'}
[2026-03-14T01:16:05.860+0000] {taskinstance.py:441} INFO - ::group::Post task execution logs
[2026-03-14T01:16:05.889+0000] {taskinstance.py:1206} INFO - Marking task as SUCCESS. dag_id=insurance_claims_etl_demo, task_id=transform, run_id=manual__2026-03-14T01:16:04.210092+00:00, execution_date=20260314T011604, start_date=20260314T011605, end_date=20260314T011605
[2026-03-14T01:16:05.940+0000] {local_task_job_runner.py:243} INFO - Task exited with return code 0
[2026-03-14T01:16:05.965+0000] {taskinstance.py:3503} INFO - 1 downstream tasks scheduled from follow-on schedule check
[2026-03-14T01:16:05.968+0000] {local_task_job_runner.py:222} INFO - ::endgroup::
