[2026-03-14T01:13:09.322+0000] {local_task_job_runner.py:120} INFO - ::group::Pre task execution logs
[2026-03-14T01:13:09.351+0000] {taskinstance.py:2076} INFO - Dependencies all met for dep_context=non-requeueable deps ti=<TaskInstance: insurance_claims_etl_demo.extract manual__2026-03-14T01:13:07.836891+00:00 [queued]>
[2026-03-14T01:13:09.357+0000] {taskinstance.py:2076} INFO - Dependencies all met for dep_context=requeueable deps ti=<TaskInstance: insurance_claims_etl_demo.extract manual__2026-03-14T01:13:07.836891+00:00 [queued]>
[2026-03-14T01:13:09.358+0000] {taskinstance.py:2306} INFO - Starting attempt 1 of 2
[2026-03-14T01:13:09.370+0000] {taskinstance.py:2330} INFO - Executing <Task(_PythonDecoratedOperator): extract> on 2026-03-14 01:13:07.836891+00:00
[2026-03-14T01:13:09.376+0000] {standard_task_runner.py:64} INFO - Started process 14240 to run task
[2026-03-14T01:13:09.379+0000] {standard_task_runner.py:90} INFO - Running: ['airflow', 'tasks', 'run', 'insurance_claims_etl_demo', 'extract', 'manual__2026-03-14T01:13:07.836891+00:00', '--job-id', '80', '--raw', '--subdir', 'DAGS_FOLDER/insurance_claims_etl_dag.py', '--cfg-path', '/tmp/tmpp93w7336']
[2026-03-14T01:13:09.382+0000] {standard_task_runner.py:91} INFO - Job 80: Subtask extract
[2026-03-14T01:13:09.439+0000] {task_command.py:426} INFO - Running <TaskInstance: insurance_claims_etl_demo.extract manual__2026-03-14T01:13:07.836891+00:00 [running]> on host f29beff0184f
[2026-03-14T01:13:09.537+0000] {taskinstance.py:2648} INFO - Exporting env vars: AIRFLOW_CTX_DAG_OWNER='jingxu' AIRFLOW_CTX_DAG_ID='insurance_claims_etl_demo' AIRFLOW_CTX_TASK_ID='extract' AIRFLOW_CTX_EXECUTION_DATE='2026-03-14T01:13:07.836891+00:00' AIRFLOW_CTX_TRY_NUMBER='1' AIRFLOW_CTX_DAG_RUN_ID='manual__2026-03-14T01:13:07.836891+00:00'
[2026-03-14T01:13:09.538+0000] {taskinstance.py:430} INFO - ::endgroup::
[2026-03-14T01:13:09.539+0000] {logging_mixin.py:188} INFO - 开始 Extract 任务
[2026-03-14T01:13:09.541+0000] {logging_mixin.py:188} INFO - 读取文件：/opt/airflow/data/raw/insurance_claims_raw.csv
[2026-03-14T01:13:09.560+0000] {logging_mixin.py:188} INFO - 读取到1338行数据
[2026-03-14T01:13:09.582+0000] {logging_mixin.py:188} INFO - 已清空 raw_claims 表（full refresh 模式）
[2026-03-14T01:13:09.584+0000] {logging_mixin.py:188} INFO - 插入前有0条记录
[2026-03-14T01:13:09.777+0000] {logging_mixin.py:188} INFO - 成功插入1338 条记录
[2026-03-14T01:13:09.778+0000] {logging_mixin.py:188} INFO - 插入后表中有 1338 条记录
[2026-03-14T01:13:09.781+0000] {logging_mixin.py:188} INFO - Extract 任务完成， 处理1338行
[2026-03-14T01:13:09.782+0000] {python.py:237} INFO - Done. Returned value was: {'extracted_rows': 1338}
[2026-03-14T01:13:09.782+0000] {taskinstance.py:441} INFO - ::group::Post task execution logs
[2026-03-14T01:13:09.810+0000] {taskinstance.py:1206} INFO - Marking task as SUCCESS. dag_id=insurance_claims_etl_demo, task_id=extract, run_id=manual__2026-03-14T01:13:07.836891+00:00, execution_date=20260314T011307, start_date=20260314T011309, end_date=20260314T011309
[2026-03-14T01:13:09.833+0000] {local_task_job_runner.py:243} INFO - Task exited with return code 0
[2026-03-14T01:13:09.852+0000] {taskinstance.py:3503} INFO - 0 downstream tasks scheduled from follow-on schedule check
[2026-03-14T01:13:09.855+0000] {local_task_job_runner.py:222} INFO - ::endgroup::
