[2026-03-14T01:13:09.323+0000] {local_task_job_runner.py:120} INFO - ::group::Pre task execution logs
[2026-03-14T01:13:09.351+0000] {taskinstance.py:2076} INFO - Dependencies all met for dep_context=non-requeueable deps ti=<TaskInstance: insurance_claims_etl_demo.transform manual__2026-03-14T01:13:07.836891+00:00 [queued]>
[2026-03-14T01:13:09.358+0000] {taskinstance.py:2076} INFO - Dependencies all met for dep_context=requeueable deps ti=<TaskInstance: insurance_claims_etl_demo.transform manual__2026-03-14T01:13:07.836891+00:00 [queued]>
[2026-03-14T01:13:09.358+0000] {taskinstance.py:2306} INFO - Starting attempt 1 of 2
[2026-03-14T01:13:09.371+0000] {taskinstance.py:2330} INFO - Executing <Task(_PythonDecoratedOperator): transform> on 2026-03-14 01:13:07.836891+00:00
[2026-03-14T01:13:09.376+0000] {standard_task_runner.py:64} INFO - Started process 14239 to run task
[2026-03-14T01:13:09.379+0000] {standard_task_runner.py:90} INFO - Running: ['airflow', 'tasks', 'run', 'insurance_claims_etl_demo', 'transform', 'manual__2026-03-14T01:13:07.836891+00:00', '--job-id', '81', '--raw', '--subdir', 'DAGS_FOLDER/insurance_claims_etl_dag.py', '--cfg-path', '/tmp/tmpom5t6hef']
[2026-03-14T01:13:09.382+0000] {standard_task_runner.py:91} INFO - Job 81: Subtask transform
[2026-03-14T01:13:09.439+0000] {task_command.py:426} INFO - Running <TaskInstance: insurance_claims_etl_demo.transform manual__2026-03-14T01:13:07.836891+00:00 [running]> on host f29beff0184f
[2026-03-14T01:13:09.536+0000] {taskinstance.py:2648} INFO - Exporting env vars: AIRFLOW_CTX_DAG_OWNER='jingxu' AIRFLOW_CTX_DAG_ID='insurance_claims_etl_demo' AIRFLOW_CTX_TASK_ID='transform' AIRFLOW_CTX_EXECUTION_DATE='2026-03-14T01:13:07.836891+00:00' AIRFLOW_CTX_TRY_NUMBER='1' AIRFLOW_CTX_DAG_RUN_ID='manual__2026-03-14T01:13:07.836891+00:00'
[2026-03-14T01:13:09.537+0000] {taskinstance.py:430} INFO - ::endgroup::
[2026-03-14T01:13:09.541+0000] {logging_mixin.py:188} INFO - 数据库连接字符串: postgresql://etl_user:***@postgres:5432/claims_db
[2026-03-14T01:13:09.559+0000] {logging_mixin.py:188} INFO - DAG 内读取 raw_claims 行数: 1338
[2026-03-14T01:13:09.572+0000] {logging_mixin.py:188} INFO - Transform 读取到 1338 行数据
[2026-03-14T01:13:09.573+0000] {logging_mixin.py:188} INFO - 开始 Transform ...
[2026-03-14T01:13:09.593+0000] {logging_mixin.py:188} INFO - Transform 完成，输出 1338 行，新增字段：['smoker_flag', 'claim_year', 'currency', 'charge_group', 'claim_month', 'claim_quarter', 'claim_day_of_week', 'age_group', 'claim_type']
[2026-03-14T01:13:09.647+0000] {logging_mixin.py:188} INFO - 已保存 transformed 数据到 /opt/airflow/data/processed/transformed.parquet
[2026-03-14T01:13:09.648+0000] {python.py:237} INFO - Done. Returned value was: {'transformed_rows': 1338, 'parquet_path': '/opt/airflow/data/processed/transformed.parquet'}
[2026-03-14T01:13:09.648+0000] {taskinstance.py:441} INFO - ::group::Post task execution logs
[2026-03-14T01:13:09.678+0000] {taskinstance.py:1206} INFO - Marking task as SUCCESS. dag_id=insurance_claims_etl_demo, task_id=transform, run_id=manual__2026-03-14T01:13:07.836891+00:00, execution_date=20260314T011307, start_date=20260314T011309, end_date=20260314T011309
[2026-03-14T01:13:09.712+0000] {local_task_job_runner.py:243} INFO - Task exited with return code 0
[2026-03-14T01:13:09.737+0000] {taskinstance.py:3503} INFO - 1 downstream tasks scheduled from follow-on schedule check
[2026-03-14T01:13:09.739+0000] {local_task_job_runner.py:222} INFO - ::endgroup::
